 Best Parameters:
  0.000000000000000E+000  0.000000000000000E+000  0.000000000000000E+000
  0.000000000000000E+000  0.000000000000000E+000  0.000000000000000E+000
  0.000000000000000E+000  0.000000000000000E+000  0.000000000000000E+000
  0.000000000000000E+000  0.000000000000000E+000  0.000000000000000E+000
  0.000000000000000E+000  0.000000000000000E+000  0.000000000000000E+000
  0.000000000000000E+000  0.000000000000000E+000  0.000000000000000E+000
  0.000000000000000E+000  0.000000000000000E+000  0.000000000000000E+000
 NSE=  -1.13200300941001     
 Best Parameters:
  0.462251183036544        58.1699828511316       0.279928647627595     
  -5.51485278557465       0.768003077573238       0.932375606690823     
   8.96686288605358       2.303492356500033E-002  -727.017913243894     
  -30.7410385952904        1.54891081683246       -6.03855407936283     
   5.59074332496081        4.94038499793662        3.97003305686204     
  8.501471096832702E-002  -9.04067051171461       -6.30293659389072     
   7.20152360095419       0.521633866373452        5.88262117506507     
 NSE=  0.311069063302820     
 Best Parameters:
  0.462251183036544        58.1699828511316       0.279928647627595     
  -5.51485278557465       0.768003077573238       0.932375606690823     
   8.96686288605358       4.296507643499967E-002  -727.017913243894     
  -30.7410385952904        1.54891081683246       -6.03855407936283     
   5.59074332496081        4.94038499793662        3.97003305686204     
  8.501471096832702E-002  -9.04067051171461       -6.30293659389072     
  0.438476399045808       0.521633866373452        5.88262117506507     
 NSE=  0.388796439082574     
 Best Parameters:
  0.773953306239681        33.5025463857111       0.581560401563724     
  -5.51485278557465       0.768003077573238       0.932375606690823     
   8.96686288605358       2.303492356500033E-002  -727.017913243894     
  -30.7410385952904        1.54891081683246       -6.03855407936283     
   5.59074332496081        4.94038499793662        3.97003305686204     
  8.501471096832702E-002  -9.04067051171461       -6.30293659389072     
   7.20152360095419       0.521633866373452        5.88262117506507     
 NSE=  0.445322715981987     
